---------- Date: 2016-03-01 00:14:42 ~ IP : 127.0.0.1 ----------
REQUEST URI : /
MOD DETAILS:
   modFile   : E:\OpenServer\domains\elstore\vqmod/xml/supermenu.xml
   id        : Supermenu Integration Vqmod
   version   : 1.0
   vqmver    : Latest
   author    : Flo - shopencart.com

File Name    : catalog/view/theme/*/template/common/header.tpl(0)
VQModObject::applyMod - SEARCH NOT FOUND (ABORTING MOD): <?php if ($categories) { ?>

----------------------------------------------------------------------


---------- Date: 2016-03-01 00:14:46 ~ IP : 127.0.0.1 ----------
REQUEST URI : /
MOD DETAILS:
   modFile   : E:\OpenServer\domains\elstore\vqmod/xml/supermenu.xml
   id        : Supermenu Integration Vqmod
   version   : 1.0
   vqmver    : Latest
   author    : Flo - shopencart.com

File Name    : catalog/view/theme/*/template/common/header.tpl(0)
VQModObject::applyMod - SEARCH NOT FOUND (ABORTING MOD): <?php if ($categories) { ?>

----------------------------------------------------------------------


---------- Date: 2016-03-01 00:14:56 ~ IP : 127.0.0.1 ----------
REQUEST URI : /index.php?route=product/category&amp;path=63_401_406
MOD DETAILS:
   modFile   : E:\OpenServer\domains\elstore\vqmod/xml/supermenu.xml
   id        : Supermenu Integration Vqmod
   version   : 1.0
   vqmver    : Latest
   author    : Flo - shopencart.com

File Name    : catalog/view/theme/*/template/common/header.tpl(0)
VQModObject::applyMod - SEARCH NOT FOUND (ABORTING MOD): <?php if ($categories) { ?>

MOD DETAILS:
   modFile   : E:\OpenServer\domains\elstore\vqmod/xml/vqmod.xml
   id        : OpenCart Product filter v3.0
   version   : 1.1
   vqmver    : 
   author    : Product filter - SOOR, vQmod - DieZ

File Name    : catalog/view/theme/*/template/product/category.tpl(0)
VQModObject::applyMod - SEARCH NOT FOUND (SKIPPED): <div class="description"><?php echo $product['description']; ?></div>
----------------------------------------------------------------------


---------- Date: 2016-03-01 00:14:58 ~ IP : 127.0.0.1 ----------
REQUEST URI : /index.php?route=common/home
MOD DETAILS:
   modFile   : E:\OpenServer\domains\elstore\vqmod/xml/supermenu.xml
   id        : Supermenu Integration Vqmod
   version   : 1.0
   vqmver    : Latest
   author    : Flo - shopencart.com

File Name    : catalog/view/theme/*/template/common/header.tpl(0)
VQModObject::applyMod - SEARCH NOT FOUND (ABORTING MOD): <?php if ($categories) { ?>

----------------------------------------------------------------------


---------- Date: 2016-03-01 00:16:24 ~ IP : 127.0.0.1 ----------
REQUEST URI : /admin/index.php?route=catalog/product&amp;token=980b56f423836d2f585ad97fa74974b1
MOD DETAILS:
   modFile   : E:\OpenServer\domains\elstore\vqmod/xml/vqmod.xml
   id        : OpenCart Product filter v3.0
   version   : 1.1
   vqmver    : 
   author    : Product filter - SOOR, vQmod - DieZ

File Name    : admin/controller/catalog/product.php(0)
VQModObject::applyMod - SEARCH NOT FOUND (SKIPPED): private function getForm() {
----------------------------------------------------------------------


---------- Date: 2016-03-01 00:21:48 ~ IP : 127.0.0.1 ----------
REQUEST URI : /index.php?route=common/home
MOD DETAILS:
   modFile   : E:\OpenServer\domains\elstore\vqmod/xml/supermenu.xml
   id        : Supermenu Integration Vqmod
   version   : 1.0
   vqmver    : Latest
   author    : Flo - shopencart.com

File Name    : catalog/view/theme/*/template/common/header.tpl(0)
VQModObject::applyMod - SEARCH NOT FOUND (ABORTING MOD): <?php if ($categories) { ?>

----------------------------------------------------------------------


---------- Date: 2016-03-01 01:07:05 ~ IP : 127.0.0.1 ----------
REQUEST URI : /index.php?route=common/home
MOD DETAILS:
   modFile   : E:\OpenServer\domains\elstore\vqmod/xml/supermenu.xml
   id        : Supermenu Integration Vqmod
   version   : 1.0
   vqmver    : Latest
   author    : Flo - shopencart.com

File Name    : catalog/view/theme/*/template/common/header.tpl(0)
VQModObject::applyMod - SEARCH NOT FOUND (ABORTING MOD): <?php if ($categories) { ?>

----------------------------------------------------------------------


---------- Date: 2016-03-01 01:07:07 ~ IP : 127.0.0.1 ----------
REQUEST URI : /index.php?route=common/home
MOD DETAILS:
   modFile   : E:\OpenServer\domains\elstore\vqmod/xml/supermenu.xml
   id        : Supermenu Integration Vqmod
   version   : 1.0
   vqmver    : Latest
   author    : Flo - shopencart.com

File Name    : catalog/view/theme/*/template/common/header.tpl(0)
VQModObject::applyMod - SEARCH NOT FOUND (ABORTING MOD): <?php if ($categories) { ?>

----------------------------------------------------------------------


---------- Date: 2016-03-01 02:34:50 ~ IP : 127.0.0.1 ----------
REQUEST URI : /index.php?route=common/home
MOD DETAILS:
   modFile   : E:\OpenServer\domains\elstore\vqmod/xml/supermenu.xml
   id        : Supermenu Integration Vqmod
   version   : 1.0
   vqmver    : Latest
   author    : Flo - shopencart.com

File Name    : catalog/view/theme/*/template/common/header.tpl(0)
VQModObject::applyMod - SEARCH NOT FOUND (ABORTING MOD): <?php if ($categories) { ?>

----------------------------------------------------------------------


