---------- Date: 2016-03-02 01:09:56 ~ IP : 178.252.205.190 ----------
REQUEST URI : /admin/index.php?route=catalog/product&amp;token=2a363f211c67dcd42d9b26a5e3a23d16
MOD DETAILS:
   modFile   : /home/elektrik-1/elektrika-nmk.ru/docs/vqmod/xml/vqmod.xml
   id        : OpenCart Product filter v3.0
   version   : 1.1
   vqmver    : 
   author    : Product filter - SOOR, vQmod - DieZ

File Name    : admin/controller/catalog/product.php(0)
VQModObject::applyMod - SEARCH NOT FOUND (SKIPPED): private function getForm() {
----------------------------------------------------------------------


---------- Date: 2016-03-02 01:42:51 ~ IP : 178.252.205.190 ----------
REQUEST URI : /
MOD DETAILS:
   modFile   : /home/elektrik-1/elektrika-nmk.ru/docs/vqmod/xml/supermenu.xml
   id        : Supermenu Integration Vqmod
   version   : 1.0
   vqmver    : Latest
   author    : Flo - shopencart.com

File Name    : catalog/view/theme/*/template/common/header.tpl(0)
VQModObject::applyMod - SEARCH NOT FOUND (ABORTING MOD): <?php if ($categories) { ?>

----------------------------------------------------------------------


---------- Date: 2016-03-02 01:43:08 ~ IP : 178.252.205.190 ----------
REQUEST URI : /
MOD DETAILS:
   modFile   : /home/elektrik-1/elektrika-nmk.ru/docs/vqmod/xml/supermenu.xml
   id        : Supermenu Integration Vqmod
   version   : 1.0
   vqmver    : Latest
   author    : Flo - shopencart.com

File Name    : catalog/view/theme/*/template/common/header.tpl(0)
VQModObject::applyMod - SEARCH NOT FOUND (ABORTING MOD): <?php if ($categories) { ?>

----------------------------------------------------------------------


---------- Date: 2016-03-02 01:44:26 ~ IP : 178.252.205.190 ----------
REQUEST URI : /
VQMod::_getMods - NO XML FILES READABLE IN XML FOLDER
----------------------------------------------------------------------


---------- Date: 2016-03-02 01:44:26 ~ IP : 178.252.205.190 ----------
REQUEST URI : /
VQMod::_getMods - NO XML FILES READABLE IN XML FOLDER
----------------------------------------------------------------------


---------- Date: 2016-03-02 01:49:39 ~ IP : 178.252.205.190 ----------
REQUEST URI : /admin/index.php?route=setting/store&token=2a363f211c67dcd42d9b26a5e3a23d16
VQMod::_getMods - NO XML FILES READABLE IN XML FOLDER
----------------------------------------------------------------------


---------- Date: 2016-03-02 01:49:40 ~ IP : 178.252.205.190 ----------
REQUEST URI : /admin/index.php?route=setting/setting&token=2a363f211c67dcd42d9b26a5e3a23d16
VQMod::_getMods - NO XML FILES READABLE IN XML FOLDER
----------------------------------------------------------------------


---------- Date: 2016-03-02 01:49:44 ~ IP : 178.252.205.190 ----------
REQUEST URI : /admin/index.php?route=extension/module&token=2a363f211c67dcd42d9b26a5e3a23d16
VQMod::_getMods - NO XML FILES READABLE IN XML FOLDER
----------------------------------------------------------------------


---------- Date: 2016-03-02 01:49:46 ~ IP : 178.252.205.190 ----------
REQUEST URI : /admin/index.php?route=setting/store&amp;token=2a363f211c67dcd42d9b26a5e3a23d16
VQMod::_getMods - NO XML FILES READABLE IN XML FOLDER
----------------------------------------------------------------------


---------- Date: 2016-03-02 01:49:50 ~ IP : 178.252.205.190 ----------
REQUEST URI : /admin/index.php?route=setting/setting&amp;token=2a363f211c67dcd42d9b26a5e3a23d16
VQMod::_getMods - NO XML FILES READABLE IN XML FOLDER
----------------------------------------------------------------------


---------- Date: 2016-03-02 01:49:51 ~ IP : 178.252.205.190 ----------
REQUEST URI : /admin/index.php?route=extension/module&amp;token=2a363f211c67dcd42d9b26a5e3a23d16
VQMod::_getMods - NO XML FILES READABLE IN XML FOLDER
----------------------------------------------------------------------


---------- Date: 2016-03-02 01:49:57 ~ IP : 178.252.205.190 ----------
REQUEST URI : /admin/index.php?route=extension/module/uninstall&token=2a363f211c67dcd42d9b26a5e3a23d16&extension=supermenu
VQMod::_getMods - NO XML FILES READABLE IN XML FOLDER
----------------------------------------------------------------------


---------- Date: 2016-03-02 01:49:59 ~ IP : 178.252.205.190 ----------
REQUEST URI : /admin/index.php?route=extension/module/uninstall&amp;token=2a363f211c67dcd42d9b26a5e3a23d16&amp;extension=supermenu
VQMod::_getMods - NO XML FILES READABLE IN XML FOLDER
----------------------------------------------------------------------


---------- Date: 2016-03-02 01:49:59 ~ IP : 178.252.205.190 ----------
REQUEST URI : /admin/index.php?route=extension/module&token=2a363f211c67dcd42d9b26a5e3a23d16
VQMod::_getMods - NO XML FILES READABLE IN XML FOLDER
----------------------------------------------------------------------


---------- Date: 2016-03-02 01:50:00 ~ IP : 178.252.205.190 ----------
REQUEST URI : /admin/index.php?route=extension/module&amp;token=2a363f211c67dcd42d9b26a5e3a23d16
VQMod::_getMods - NO XML FILES READABLE IN XML FOLDER
----------------------------------------------------------------------


---------- Date: 2016-03-02 01:50:04 ~ IP : 178.252.205.190 ----------
REQUEST URI : /admin/index.php?route=module/store&token=2a363f211c67dcd42d9b26a5e3a23d16
VQMod::_getMods - NO XML FILES READABLE IN XML FOLDER
----------------------------------------------------------------------


---------- Date: 2016-03-02 01:50:10 ~ IP : 178.252.205.190 ----------
REQUEST URI : /
VQMod::_getMods - NO XML FILES READABLE IN XML FOLDER
----------------------------------------------------------------------


---------- Date: 2016-03-02 01:50:30 ~ IP : 178.252.205.190 ----------
REQUEST URI : /admin/index.php?route=module/store&amp;token=2a363f211c67dcd42d9b26a5e3a23d16
VQMod::_getMods - NO XML FILES READABLE IN XML FOLDER
----------------------------------------------------------------------


---------- Date: 2016-03-02 01:50:33 ~ IP : 178.252.205.190 ----------
REQUEST URI : /
VQMod::_getMods - NO XML FILES READABLE IN XML FOLDER
----------------------------------------------------------------------


---------- Date: 2016-03-02 01:50:37 ~ IP : 178.252.205.190 ----------
REQUEST URI : /admin/index.php?route=extension/module&token=2a363f211c67dcd42d9b26a5e3a23d16
VQMod::_getMods - NO XML FILES READABLE IN XML FOLDER
----------------------------------------------------------------------


---------- Date: 2016-03-02 01:50:38 ~ IP : 178.252.205.190 ----------
REQUEST URI : /
VQMod::_getMods - NO XML FILES READABLE IN XML FOLDER
----------------------------------------------------------------------


---------- Date: 2016-03-02 01:50:38 ~ IP : 178.252.205.190 ----------
REQUEST URI : /
VQMod::_getMods - NO XML FILES READABLE IN XML FOLDER
----------------------------------------------------------------------


---------- Date: 2016-03-02 01:50:38 ~ IP : 178.252.205.190 ----------
REQUEST URI : /admin/index.php?route=extension/module&amp;token=2a363f211c67dcd42d9b26a5e3a23d16
VQMod::_getMods - NO XML FILES READABLE IN XML FOLDER
----------------------------------------------------------------------


---------- Date: 2016-03-02 01:53:28 ~ IP : 178.252.205.190 ----------
REQUEST URI : /
VQMod::_getMods - NO XML FILES READABLE IN XML FOLDER
----------------------------------------------------------------------


---------- Date: 2016-03-02 01:53:29 ~ IP : 178.252.205.190 ----------
REQUEST URI : /
VQMod::_getMods - NO XML FILES READABLE IN XML FOLDER
----------------------------------------------------------------------


---------- Date: 2016-03-02 02:43:01 ~ IP : 91.224.140.223 ----------
REQUEST URI : /
VQMod::_getMods - NO XML FILES READABLE IN XML FOLDER
----------------------------------------------------------------------


---------- Date: 2016-03-02 02:43:02 ~ IP : 91.224.140.223 ----------
REQUEST URI : /
VQMod::_getMods - NO XML FILES READABLE IN XML FOLDER
----------------------------------------------------------------------


---------- Date: 2016-03-02 04:54:37 ~ IP : 66.249.66.161 ----------
REQUEST URI : /
VQMod::_getMods - NO XML FILES READABLE IN XML FOLDER
----------------------------------------------------------------------


---------- Date: 2016-03-02 04:54:38 ~ IP : 66.249.66.161 ----------
REQUEST URI : /
VQMod::_getMods - NO XML FILES READABLE IN XML FOLDER
----------------------------------------------------------------------


---------- Date: 2016-03-02 08:47:13 ~ IP : 94.31.238.20 ----------
REQUEST URI : /
VQMod::_getMods - NO XML FILES READABLE IN XML FOLDER
----------------------------------------------------------------------


---------- Date: 2016-03-02 08:47:13 ~ IP : 94.31.238.20 ----------
REQUEST URI : /
VQMod::_getMods - NO XML FILES READABLE IN XML FOLDER
----------------------------------------------------------------------


---------- Date: 2016-03-02 08:47:14 ~ IP : 94.31.238.20 ----------
REQUEST URI : /index.php?route=information/contact
VQMod::_getMods - NO XML FILES READABLE IN XML FOLDER
----------------------------------------------------------------------


---------- Date: 2016-03-02 08:47:14 ~ IP : 94.31.238.20 ----------
REQUEST URI : /index.php?route=information/contact
VQMod::_getMods - NO XML FILES READABLE IN XML FOLDER
----------------------------------------------------------------------


---------- Date: 2016-03-02 08:47:14 ~ IP : 94.31.238.20 ----------
REQUEST URI : /index.php?route=information/information&information_id=6
VQMod::_getMods - NO XML FILES READABLE IN XML FOLDER
----------------------------------------------------------------------


---------- Date: 2016-03-02 08:47:14 ~ IP : 94.31.238.20 ----------
REQUEST URI : /index.php?route=information/information&amp;information_id=6
VQMod::_getMods - NO XML FILES READABLE IN XML FOLDER
----------------------------------------------------------------------


---------- Date: 2016-03-02 08:52:49 ~ IP : 66.249.66.161 ----------
REQUEST URI : /
VQMod::_getMods - NO XML FILES READABLE IN XML FOLDER
----------------------------------------------------------------------


---------- Date: 2016-03-02 08:52:49 ~ IP : 66.249.66.161 ----------
REQUEST URI : /
VQMod::_getMods - NO XML FILES READABLE IN XML FOLDER
----------------------------------------------------------------------


---------- Date: 2016-03-02 09:13:13 ~ IP : 130.193.51.94 ----------
REQUEST URI : /?presets=preset1
VQMod::_getMods - NO XML FILES READABLE IN XML FOLDER
----------------------------------------------------------------------


---------- Date: 2016-03-02 09:13:14 ~ IP : 130.193.51.94 ----------
REQUEST URI : /?presets=preset1
VQMod::_getMods - NO XML FILES READABLE IN XML FOLDER
----------------------------------------------------------------------


---------- Date: 2016-03-02 10:29:22 ~ IP : 130.193.51.94 ----------
REQUEST URI : /?p=4
VQMod::_getMods - NO XML FILES READABLE IN XML FOLDER
----------------------------------------------------------------------


---------- Date: 2016-03-02 10:29:23 ~ IP : 130.193.51.94 ----------
REQUEST URI : /?p=4
VQMod::_getMods - NO XML FILES READABLE IN XML FOLDER
----------------------------------------------------------------------


---------- Date: 2016-03-02 10:50:47 ~ IP : 178.252.205.190 ----------
REQUEST URI : /
VQMod::_getMods - NO XML FILES READABLE IN XML FOLDER
----------------------------------------------------------------------


---------- Date: 2016-03-02 10:50:48 ~ IP : 178.252.205.190 ----------
REQUEST URI : /
VQMod::_getMods - NO XML FILES READABLE IN XML FOLDER
----------------------------------------------------------------------


---------- Date: 2016-03-02 10:55:45 ~ IP : 66.249.66.161 ----------
REQUEST URI : /
VQMod::_getMods - NO XML FILES READABLE IN XML FOLDER
----------------------------------------------------------------------


---------- Date: 2016-03-02 10:55:47 ~ IP : 66.249.66.161 ----------
REQUEST URI : /
VQMod::_getMods - NO XML FILES READABLE IN XML FOLDER
----------------------------------------------------------------------


---------- Date: 2016-03-02 10:58:09 ~ IP : 178.252.205.190 ----------
REQUEST URI : /
VQMod::_getMods - NO XML FILES READABLE IN XML FOLDER
----------------------------------------------------------------------


---------- Date: 2016-03-02 10:58:09 ~ IP : 178.252.205.190 ----------
REQUEST URI : /
VQMod::_getMods - NO XML FILES READABLE IN XML FOLDER
----------------------------------------------------------------------


---------- Date: 2016-03-02 11:07:13 ~ IP : 178.252.205.190 ----------
REQUEST URI : /admin/
VQMod::_getMods - NO XML FILES READABLE IN XML FOLDER
----------------------------------------------------------------------


---------- Date: 2016-03-02 11:07:13 ~ IP : 178.252.205.190 ----------
REQUEST URI : /admin/
VQMod::_getMods - NO XML FILES READABLE IN XML FOLDER
----------------------------------------------------------------------


---------- Date: 2016-03-02 11:07:19 ~ IP : 178.252.205.190 ----------
REQUEST URI : /admin/index.php?route=common/login
VQMod::_getMods - NO XML FILES READABLE IN XML FOLDER
----------------------------------------------------------------------


---------- Date: 2016-03-02 11:07:19 ~ IP : 178.252.205.190 ----------
REQUEST URI : /admin/index.php?route=common/login
VQMod::_getMods - NO XML FILES READABLE IN XML FOLDER
----------------------------------------------------------------------


---------- Date: 2016-03-02 11:07:19 ~ IP : 178.252.205.190 ----------
REQUEST URI : /admin/index.php?route=common/home&token=2296e2b0793d2cda8a90fb6bc4d8ef12
VQMod::_getMods - NO XML FILES READABLE IN XML FOLDER
----------------------------------------------------------------------


---------- Date: 2016-03-02 11:07:20 ~ IP : 178.252.205.190 ----------
REQUEST URI : /admin/index.php?route=common/home&amp;token=2296e2b0793d2cda8a90fb6bc4d8ef12
VQMod::_getMods - NO XML FILES READABLE IN XML FOLDER
----------------------------------------------------------------------


---------- Date: 2016-03-02 11:07:20 ~ IP : 178.252.205.190 ----------
REQUEST URI : /admin/index.php?route=common/home/chart&token=2296e2b0793d2cda8a90fb6bc4d8ef12&range=day
VQMod::_getMods - NO XML FILES READABLE IN XML FOLDER
----------------------------------------------------------------------


---------- Date: 2016-03-02 11:07:20 ~ IP : 178.252.205.190 ----------
REQUEST URI : /admin/index.php?route=common/home/chart&amp;token=2296e2b0793d2cda8a90fb6bc4d8ef12&amp;range=day
VQMod::_getMods - NO XML FILES READABLE IN XML FOLDER
----------------------------------------------------------------------


---------- Date: 2016-03-02 11:07:30 ~ IP : 178.252.205.190 ----------
REQUEST URI : /admin/index.php?route=setting/store&token=2296e2b0793d2cda8a90fb6bc4d8ef12
VQMod::_getMods - NO XML FILES READABLE IN XML FOLDER
----------------------------------------------------------------------


---------- Date: 2016-03-02 11:07:30 ~ IP : 178.252.205.190 ----------
REQUEST URI : /admin/index.php?route=setting/store&amp;token=2296e2b0793d2cda8a90fb6bc4d8ef12
VQMod::_getMods - NO XML FILES READABLE IN XML FOLDER
----------------------------------------------------------------------


---------- Date: 2016-03-02 11:07:32 ~ IP : 178.252.205.190 ----------
REQUEST URI : /admin/index.php?route=setting/setting&token=2296e2b0793d2cda8a90fb6bc4d8ef12
VQMod::_getMods - NO XML FILES READABLE IN XML FOLDER
----------------------------------------------------------------------


---------- Date: 2016-03-02 11:07:32 ~ IP : 178.252.205.190 ----------
REQUEST URI : /admin/index.php?route=setting/setting&amp;token=2296e2b0793d2cda8a90fb6bc4d8ef12
VQMod::_getMods - NO XML FILES READABLE IN XML FOLDER
----------------------------------------------------------------------


---------- Date: 2016-03-02 11:07:33 ~ IP : 178.252.205.190 ----------
REQUEST URI : /admin/index.php?route=setting/setting/template&token=2296e2b0793d2cda8a90fb6bc4d8ef12&template=bootstrap3
VQMod::_getMods - NO XML FILES READABLE IN XML FOLDER
----------------------------------------------------------------------


---------- Date: 2016-03-02 11:07:33 ~ IP : 178.252.205.190 ----------
REQUEST URI : /admin/index.php?route=setting/setting/template&amp;token=2296e2b0793d2cda8a90fb6bc4d8ef12&amp;template=bootstrap3
VQMod::_getMods - NO XML FILES READABLE IN XML FOLDER
----------------------------------------------------------------------


---------- Date: 2016-03-02 11:07:33 ~ IP : 178.252.205.190 ----------
REQUEST URI : /admin/index.php?route=setting/setting/country&token=2296e2b0793d2cda8a90fb6bc4d8ef12&country_id=176
VQMod::_getMods - NO XML FILES READABLE IN XML FOLDER
----------------------------------------------------------------------


---------- Date: 2016-03-02 11:07:33 ~ IP : 178.252.205.190 ----------
REQUEST URI : /admin/index.php?route=setting/setting/country&amp;token=2296e2b0793d2cda8a90fb6bc4d8ef12&amp;country_id=176
VQMod::_getMods - NO XML FILES READABLE IN XML FOLDER
----------------------------------------------------------------------


---------- Date: 2016-03-02 11:08:21 ~ IP : 178.252.205.190 ----------
REQUEST URI : /admin/index.php?route=setting/setting&token=2296e2b0793d2cda8a90fb6bc4d8ef12
VQMod::_getMods - NO XML FILES READABLE IN XML FOLDER
----------------------------------------------------------------------


---------- Date: 2016-03-02 11:08:21 ~ IP : 178.252.205.190 ----------
REQUEST URI : /admin/index.php?route=setting/setting&amp;token=2296e2b0793d2cda8a90fb6bc4d8ef12
VQMod::_getMods - NO XML FILES READABLE IN XML FOLDER
----------------------------------------------------------------------


---------- Date: 2016-03-02 11:08:21 ~ IP : 178.252.205.190 ----------
REQUEST URI : /admin/index.php?route=setting/store&token=2296e2b0793d2cda8a90fb6bc4d8ef12
VQMod::_getMods - NO XML FILES READABLE IN XML FOLDER
----------------------------------------------------------------------


---------- Date: 2016-03-02 11:08:22 ~ IP : 178.252.205.190 ----------
REQUEST URI : /admin/index.php?route=setting/store&amp;token=2296e2b0793d2cda8a90fb6bc4d8ef12
VQMod::_getMods - NO XML FILES READABLE IN XML FOLDER
----------------------------------------------------------------------


---------- Date: 2016-03-02 11:08:27 ~ IP : 178.252.205.190 ----------
REQUEST URI : /admin/index.php?route=common/home&token=2296e2b0793d2cda8a90fb6bc4d8ef12
VQMod::_getMods - NO XML FILES READABLE IN XML FOLDER
----------------------------------------------------------------------


---------- Date: 2016-03-02 11:08:27 ~ IP : 178.252.205.190 ----------
REQUEST URI : /admin/index.php?route=common/home&amp;token=2296e2b0793d2cda8a90fb6bc4d8ef12
VQMod::_getMods - NO XML FILES READABLE IN XML FOLDER
----------------------------------------------------------------------


---------- Date: 2016-03-02 11:08:27 ~ IP : 178.252.205.190 ----------
REQUEST URI : /admin/index.php?route=common/home/chart&token=2296e2b0793d2cda8a90fb6bc4d8ef12&range=day
VQMod::_getMods - NO XML FILES READABLE IN XML FOLDER
----------------------------------------------------------------------


---------- Date: 2016-03-02 11:08:27 ~ IP : 178.252.205.190 ----------
REQUEST URI : /admin/index.php?route=common/home/chart&amp;token=2296e2b0793d2cda8a90fb6bc4d8ef12&amp;range=day
VQMod::_getMods - NO XML FILES READABLE IN XML FOLDER
----------------------------------------------------------------------


