---------- Date: 2015-06-07 19:42:02 ~ IP : 127.0.0.1 ----------
REQUEST URI : /index.php?route=product/category&amp;path=225
MOD DETAILS:
   modFile   : H:\open2\OpenServer\domains\elstore\vqmod/xml/vqmod.xml
   id        : OpenCart Product filter v3.0
   version   : 1.1
   vqmver    : 
   author    : Product filter - SOOR, vQmod - DieZ

File Name    : catalog/view/theme/*/template/product/category.tpl(0)
VQModObject::applyMod - SEARCH NOT FOUND (SKIPPED): <div class="description"><?php echo $product['description']; ?></div>
----------------------------------------------------------------------


---------- Date: 2015-06-07 19:42:18 ~ IP : 127.0.0.1 ----------
REQUEST URI : /index.php?route=product/category&amp;path=205
MOD DETAILS:
   modFile   : H:\open2\OpenServer\domains\elstore\vqmod/xml/vqmod.xml
   id        : OpenCart Product filter v3.0
   version   : 1.1
   vqmver    : 
   author    : Product filter - SOOR, vQmod - DieZ

File Name    : catalog/view/theme/*/template/product/category.tpl(0)
VQModObject::applyMod - SEARCH NOT FOUND (SKIPPED): <div class="description"><?php echo $product['description']; ?></div>
----------------------------------------------------------------------


---------- Date: 2015-06-07 19:53:50 ~ IP : 127.0.0.1 ----------
REQUEST URI : /index.php?route=product/category&amp;path=205
MOD DETAILS:
   modFile   : H:\open2\OpenServer\domains\elstore\vqmod/xml/vqmod.xml
   id        : OpenCart Product filter v3.0
   version   : 1.1
   vqmver    : 
   author    : Product filter - SOOR, vQmod - DieZ

File Name    : catalog/view/theme/*/template/product/category.tpl(0)
VQModObject::applyMod - SEARCH NOT FOUND (SKIPPED): <div class="description"><?php echo $product['description']; ?></div>
----------------------------------------------------------------------


---------- Date: 2015-06-07 19:58:18 ~ IP : 127.0.0.1 ----------
REQUEST URI : /index.php?route=product/category&amp;path=205
MOD DETAILS:
   modFile   : H:\open2\OpenServer\domains\elstore\vqmod/xml/vqmod.xml
   id        : OpenCart Product filter v3.0
   version   : 1.1
   vqmver    : 
   author    : Product filter - SOOR, vQmod - DieZ

File Name    : catalog/controller/product/category.php(5)
VQModObject::applyMod - SEARCH NOT FOUND (SKIPPED): 'name' => $result['name'],

File Name    : catalog/view/theme/*/template/product/category.tpl(0)
VQModObject::applyMod - SEARCH NOT FOUND (SKIPPED): <div class="description"><?php echo $product['description']; ?></div>
MOD DETAILS:
   modFile   : H:\open2\OpenServer\domains\elstore\vqmod/xml/supermenu.xml
   id        : Supermenu Integration Vqmod
   version   : 1.0
   vqmver    : Latest
   author    : Flo - shopencart.com

File Name    : catalog/view/theme/*/template/common/header.tpl(0)
VQModObject::applyMod - SEARCH NOT FOUND (ABORTING MOD): <?php if ($categories) { ?>

----------------------------------------------------------------------


---------- Date: 2015-06-07 19:58:24 ~ IP : 127.0.0.1 ----------
REQUEST URI : /index.php?route=common/home
MOD DETAILS:
   modFile   : H:\open2\OpenServer\domains\elstore\vqmod/xml/supermenu.xml
   id        : Supermenu Integration Vqmod
   version   : 1.0
   vqmver    : Latest
   author    : Flo - shopencart.com

File Name    : catalog/view/theme/*/template/common/header.tpl(0)
VQModObject::applyMod - SEARCH NOT FOUND (ABORTING MOD): <?php if ($categories) { ?>

----------------------------------------------------------------------


---------- Date: 2015-06-07 19:59:19 ~ IP : 127.0.0.1 ----------
REQUEST URI : /index.php?route=common/home
MOD DETAILS:
   modFile   : H:\open2\OpenServer\domains\elstore\vqmod/xml/supermenu.xml
   id        : Supermenu Integration Vqmod
   version   : 1.0
   vqmver    : Latest
   author    : Flo - shopencart.com

File Name    : catalog/view/theme/*/template/common/header.tpl(0)
VQModObject::applyMod - SEARCH NOT FOUND (ABORTING MOD): <?php if ($categories) { ?>

----------------------------------------------------------------------


---------- Date: 2015-06-07 20:00:57 ~ IP : 127.0.0.1 ----------
REQUEST URI : /index.php?route=common/home
MOD DETAILS:
   modFile   : H:\open2\OpenServer\domains\elstore\vqmod/xml/supermenu.xml
   id        : Supermenu Integration Vqmod
   version   : 1.0
   vqmver    : Latest
   author    : Flo - shopencart.com

File Name    : catalog/view/theme/*/template/common/header.tpl(0)
VQModObject::applyMod - SEARCH NOT FOUND (ABORTING MOD): <?php if ($categories) { ?>

----------------------------------------------------------------------


---------- Date: 2015-06-07 20:01:01 ~ IP : 127.0.0.1 ----------
REQUEST URI : /index.php?route=common/home
MOD DETAILS:
   modFile   : H:\open2\OpenServer\domains\elstore\vqmod/xml/supermenu.xml
   id        : Supermenu Integration Vqmod
   version   : 1.0
   vqmver    : Latest
   author    : Flo - shopencart.com

File Name    : catalog/view/theme/*/template/common/header.tpl(0)
VQModObject::applyMod - SEARCH NOT FOUND (ABORTING MOD): <?php if ($categories) { ?>

----------------------------------------------------------------------


---------- Date: 2015-06-07 20:01:05 ~ IP : 127.0.0.1 ----------
REQUEST URI : /index.php?route=common/home
MOD DETAILS:
   modFile   : H:\open2\OpenServer\domains\elstore\vqmod/xml/supermenu.xml
   id        : Supermenu Integration Vqmod
   version   : 1.0
   vqmver    : Latest
   author    : Flo - shopencart.com

File Name    : catalog/view/theme/*/template/common/header.tpl(0)
VQModObject::applyMod - SEARCH NOT FOUND (ABORTING MOD): <?php if ($categories) { ?>

----------------------------------------------------------------------


---------- Date: 2015-06-07 20:03:25 ~ IP : 127.0.0.1 ----------
REQUEST URI : /index.php?route=common/home
MOD DETAILS:
   modFile   : H:\open2\OpenServer\domains\elstore\vqmod/xml/supermenu.xml
   id        : Supermenu Integration Vqmod
   version   : 1.0
   vqmver    : Latest
   author    : Flo - shopencart.com

File Name    : catalog/view/theme/*/template/common/header.tpl(0)
VQModObject::applyMod - SEARCH NOT FOUND (ABORTING MOD): <?php if ($categories) { ?>

----------------------------------------------------------------------


---------- Date: 2015-06-07 20:04:28 ~ IP : 127.0.0.1 ----------
REQUEST URI : /index.php?route=common/home
MOD DETAILS:
   modFile   : H:\open2\OpenServer\domains\elstore\vqmod/xml/supermenu.xml
   id        : Supermenu Integration Vqmod
   version   : 1.0
   vqmver    : Latest
   author    : Flo - shopencart.com

File Name    : catalog/view/theme/*/template/common/header.tpl(0)
VQModObject::applyMod - SEARCH NOT FOUND (ABORTING MOD): <?php if ($categories) { ?>

----------------------------------------------------------------------


---------- Date: 2015-06-07 20:04:38 ~ IP : 127.0.0.1 ----------
REQUEST URI : /index.php?route=common/home
MOD DETAILS:
   modFile   : H:\open2\OpenServer\domains\elstore\vqmod/xml/supermenu.xml
   id        : Supermenu Integration Vqmod
   version   : 1.0
   vqmver    : Latest
   author    : Flo - shopencart.com

File Name    : catalog/view/theme/*/template/common/header.tpl(0)
VQModObject::applyMod - SEARCH NOT FOUND (ABORTING MOD): <?php if ($categories) { ?>

----------------------------------------------------------------------


---------- Date: 2015-06-07 20:05:20 ~ IP : 127.0.0.1 ----------
REQUEST URI : /index.php?route=common/home
MOD DETAILS:
   modFile   : H:\open2\OpenServer\domains\elstore\vqmod/xml/supermenu.xml
   id        : Supermenu Integration Vqmod
   version   : 1.0
   vqmver    : Latest
   author    : Flo - shopencart.com

File Name    : catalog/view/theme/*/template/common/header.tpl(0)
VQModObject::applyMod - SEARCH NOT FOUND (ABORTING MOD): <?php if ($categories) { ?>

----------------------------------------------------------------------


---------- Date: 2015-06-07 20:05:29 ~ IP : 127.0.0.1 ----------
REQUEST URI : /index.php?route=common/home
MOD DETAILS:
   modFile   : H:\open2\OpenServer\domains\elstore\vqmod/xml/supermenu.xml
   id        : Supermenu Integration Vqmod
   version   : 1.0
   vqmver    : Latest
   author    : Flo - shopencart.com

File Name    : catalog/view/theme/*/template/common/header.tpl(0)
VQModObject::applyMod - SEARCH NOT FOUND (ABORTING MOD): <?php if ($categories) { ?>

----------------------------------------------------------------------


---------- Date: 2015-06-07 20:05:33 ~ IP : 127.0.0.1 ----------
REQUEST URI : /index.php?route=account/login
MOD DETAILS:
   modFile   : H:\open2\OpenServer\domains\elstore\vqmod/xml/supermenu.xml
   id        : Supermenu Integration Vqmod
   version   : 1.0
   vqmver    : Latest
   author    : Flo - shopencart.com

File Name    : catalog/view/theme/*/template/common/header.tpl(0)
VQModObject::applyMod - SEARCH NOT FOUND (ABORTING MOD): <?php if ($categories) { ?>

----------------------------------------------------------------------


---------- Date: 2015-06-07 20:05:41 ~ IP : 127.0.0.1 ----------
REQUEST URI : /index.php?route=common/home
MOD DETAILS:
   modFile   : H:\open2\OpenServer\domains\elstore\vqmod/xml/supermenu.xml
   id        : Supermenu Integration Vqmod
   version   : 1.0
   vqmver    : Latest
   author    : Flo - shopencart.com

File Name    : catalog/view/theme/*/template/common/header.tpl(0)
VQModObject::applyMod - SEARCH NOT FOUND (ABORTING MOD): <?php if ($categories) { ?>

----------------------------------------------------------------------


---------- Date: 2015-06-07 20:07:28 ~ IP : 127.0.0.1 ----------
REQUEST URI : /index.php?route=common/home
MOD DETAILS:
   modFile   : H:\open2\OpenServer\domains\elstore\vqmod/xml/supermenu.xml
   id        : Supermenu Integration Vqmod
   version   : 1.0
   vqmver    : Latest
   author    : Flo - shopencart.com

File Name    : catalog/view/theme/*/template/common/header.tpl(0)
VQModObject::applyMod - SEARCH NOT FOUND (ABORTING MOD): <?php if ($categories) { ?>

----------------------------------------------------------------------


---------- Date: 2015-06-07 20:08:23 ~ IP : 127.0.0.1 ----------
REQUEST URI : /index.php?route=common/home
MOD DETAILS:
   modFile   : H:\open2\OpenServer\domains\elstore\vqmod/xml/supermenu.xml
   id        : Supermenu Integration Vqmod
   version   : 1.0
   vqmver    : Latest
   author    : Flo - shopencart.com

File Name    : catalog/view/theme/*/template/common/header.tpl(0)
VQModObject::applyMod - SEARCH NOT FOUND (ABORTING MOD): <?php if ($categories) { ?>

----------------------------------------------------------------------


---------- Date: 2015-06-07 20:08:45 ~ IP : 127.0.0.1 ----------
REQUEST URI : /index.php?route=common/home
MOD DETAILS:
   modFile   : H:\open2\OpenServer\domains\elstore\vqmod/xml/supermenu.xml
   id        : Supermenu Integration Vqmod
   version   : 1.0
   vqmver    : Latest
   author    : Flo - shopencart.com

File Name    : catalog/view/theme/*/template/common/header.tpl(0)
VQModObject::applyMod - SEARCH NOT FOUND (ABORTING MOD): <?php if ($categories) { ?>

----------------------------------------------------------------------


---------- Date: 2015-06-07 20:09:03 ~ IP : 127.0.0.1 ----------
REQUEST URI : /index.php?route=common/home
MOD DETAILS:
   modFile   : H:\open2\OpenServer\domains\elstore\vqmod/xml/supermenu.xml
   id        : Supermenu Integration Vqmod
   version   : 1.0
   vqmver    : Latest
   author    : Flo - shopencart.com

File Name    : catalog/view/theme/*/template/common/header.tpl(0)
VQModObject::applyMod - SEARCH NOT FOUND (ABORTING MOD): <?php if ($categories) { ?>

----------------------------------------------------------------------


---------- Date: 2015-06-07 20:09:47 ~ IP : 127.0.0.1 ----------
REQUEST URI : /index.php?route=common/home
MOD DETAILS:
   modFile   : H:\open2\OpenServer\domains\elstore\vqmod/xml/supermenu.xml
   id        : Supermenu Integration Vqmod
   version   : 1.0
   vqmver    : Latest
   author    : Flo - shopencart.com

File Name    : catalog/view/theme/*/template/common/header.tpl(0)
VQModObject::applyMod - SEARCH NOT FOUND (ABORTING MOD): <?php if ($categories) { ?>

----------------------------------------------------------------------


---------- Date: 2015-06-07 20:10:21 ~ IP : 127.0.0.1 ----------
REQUEST URI : /index.php?route=common/home
MOD DETAILS:
   modFile   : H:\open2\OpenServer\domains\elstore\vqmod/xml/supermenu.xml
   id        : Supermenu Integration Vqmod
   version   : 1.0
   vqmver    : Latest
   author    : Flo - shopencart.com

File Name    : catalog/view/theme/*/template/common/header.tpl(0)
VQModObject::applyMod - SEARCH NOT FOUND (ABORTING MOD): <?php if ($categories) { ?>

----------------------------------------------------------------------


---------- Date: 2015-06-07 20:10:31 ~ IP : 127.0.0.1 ----------
REQUEST URI : /index.php?route=common/home
MOD DETAILS:
   modFile   : H:\open2\OpenServer\domains\elstore\vqmod/xml/supermenu.xml
   id        : Supermenu Integration Vqmod
   version   : 1.0
   vqmver    : Latest
   author    : Flo - shopencart.com

File Name    : catalog/view/theme/*/template/common/header.tpl(0)
VQModObject::applyMod - SEARCH NOT FOUND (ABORTING MOD): <?php if ($categories) { ?>

----------------------------------------------------------------------


---------- Date: 2015-06-07 20:10:58 ~ IP : 127.0.0.1 ----------
REQUEST URI : /index.php?route=common/home
MOD DETAILS:
   modFile   : H:\open2\OpenServer\domains\elstore\vqmod/xml/supermenu.xml
   id        : Supermenu Integration Vqmod
   version   : 1.0
   vqmver    : Latest
   author    : Flo - shopencart.com

File Name    : catalog/view/theme/*/template/common/header.tpl(0)
VQModObject::applyMod - SEARCH NOT FOUND (ABORTING MOD): <?php if ($categories) { ?>

----------------------------------------------------------------------


---------- Date: 2015-06-07 20:11:24 ~ IP : 127.0.0.1 ----------
REQUEST URI : /index.php?route=common/home
MOD DETAILS:
   modFile   : H:\open2\OpenServer\domains\elstore\vqmod/xml/supermenu.xml
   id        : Supermenu Integration Vqmod
   version   : 1.0
   vqmver    : Latest
   author    : Flo - shopencart.com

File Name    : catalog/view/theme/*/template/common/header.tpl(0)
VQModObject::applyMod - SEARCH NOT FOUND (ABORTING MOD): <?php if ($categories) { ?>

----------------------------------------------------------------------


---------- Date: 2015-06-07 20:12:14 ~ IP : 127.0.0.1 ----------
REQUEST URI : /index.php?route=common/home
MOD DETAILS:
   modFile   : H:\open2\OpenServer\domains\elstore\vqmod/xml/supermenu.xml
   id        : Supermenu Integration Vqmod
   version   : 1.0
   vqmver    : Latest
   author    : Flo - shopencart.com

File Name    : catalog/view/theme/*/template/common/header.tpl(0)
VQModObject::applyMod - SEARCH NOT FOUND (ABORTING MOD): <?php if ($categories) { ?>

----------------------------------------------------------------------


---------- Date: 2015-06-07 20:18:09 ~ IP : 127.0.0.1 ----------
REQUEST URI : /index.php?route=common/home
MOD DETAILS:
   modFile   : H:\open2\OpenServer\domains\elstore\vqmod/xml/supermenu.xml
   id        : Supermenu Integration Vqmod
   version   : 1.0
   vqmver    : Latest
   author    : Flo - shopencart.com

File Name    : catalog/view/theme/*/template/common/header.tpl(0)
VQModObject::applyMod - SEARCH NOT FOUND (ABORTING MOD): <?php if ($categories) { ?>

----------------------------------------------------------------------


---------- Date: 2015-06-07 20:18:15 ~ IP : 127.0.0.1 ----------
REQUEST URI : /index.php?route=common/home
MOD DETAILS:
   modFile   : H:\open2\OpenServer\domains\elstore\vqmod/xml/supermenu.xml
   id        : Supermenu Integration Vqmod
   version   : 1.0
   vqmver    : Latest
   author    : Flo - shopencart.com

File Name    : catalog/view/theme/*/template/common/header.tpl(0)
VQModObject::applyMod - SEARCH NOT FOUND (ABORTING MOD): <?php if ($categories) { ?>

----------------------------------------------------------------------


---------- Date: 2015-06-07 20:19:32 ~ IP : 127.0.0.1 ----------
REQUEST URI : /index.php?route=common/home
MOD DETAILS:
   modFile   : H:\open2\OpenServer\domains\elstore\vqmod/xml/supermenu.xml
   id        : Supermenu Integration Vqmod
   version   : 1.0
   vqmver    : Latest
   author    : Flo - shopencart.com

File Name    : catalog/view/theme/*/template/common/header.tpl(0)
VQModObject::applyMod - SEARCH NOT FOUND (ABORTING MOD): <?php if ($categories) { ?>

----------------------------------------------------------------------


---------- Date: 2015-06-07 20:20:12 ~ IP : 127.0.0.1 ----------
REQUEST URI : /index.php?route=common/home
MOD DETAILS:
   modFile   : H:\open2\OpenServer\domains\elstore\vqmod/xml/supermenu.xml
   id        : Supermenu Integration Vqmod
   version   : 1.0
   vqmver    : Latest
   author    : Flo - shopencart.com

File Name    : catalog/view/theme/*/template/common/header.tpl(0)
VQModObject::applyMod - SEARCH NOT FOUND (ABORTING MOD): <?php if ($categories) { ?>

----------------------------------------------------------------------


---------- Date: 2015-06-07 20:21:06 ~ IP : 127.0.0.1 ----------
REQUEST URI : /index.php?route=common/home
MOD DETAILS:
   modFile   : H:\open2\OpenServer\domains\elstore\vqmod/xml/supermenu.xml
   id        : Supermenu Integration Vqmod
   version   : 1.0
   vqmver    : Latest
   author    : Flo - shopencart.com

File Name    : catalog/view/theme/*/template/common/header.tpl(0)
VQModObject::applyMod - SEARCH NOT FOUND (ABORTING MOD): <?php if ($categories) { ?>

----------------------------------------------------------------------


---------- Date: 2015-06-07 20:21:28 ~ IP : 127.0.0.1 ----------
REQUEST URI : /index.php?route=common/home
MOD DETAILS:
   modFile   : H:\open2\OpenServer\domains\elstore\vqmod/xml/supermenu.xml
   id        : Supermenu Integration Vqmod
   version   : 1.0
   vqmver    : Latest
   author    : Flo - shopencart.com

File Name    : catalog/view/theme/*/template/common/header.tpl(0)
VQModObject::applyMod - SEARCH NOT FOUND (ABORTING MOD): <?php if ($categories) { ?>

----------------------------------------------------------------------


---------- Date: 2015-06-07 20:24:06 ~ IP : 127.0.0.1 ----------
REQUEST URI : /index.php?route=common/home
MOD DETAILS:
   modFile   : H:\open2\OpenServer\domains\elstore\vqmod/xml/supermenu.xml
   id        : Supermenu Integration Vqmod
   version   : 1.0
   vqmver    : Latest
   author    : Flo - shopencart.com

File Name    : catalog/view/theme/*/template/common/header.tpl(0)
VQModObject::applyMod - SEARCH NOT FOUND (ABORTING MOD): <?php if ($categories) { ?>

----------------------------------------------------------------------


---------- Date: 2015-06-07 20:25:50 ~ IP : 127.0.0.1 ----------
REQUEST URI : /index.php?route=common/home
MOD DETAILS:
   modFile   : H:\open2\OpenServer\domains\elstore\vqmod/xml/supermenu.xml
   id        : Supermenu Integration Vqmod
   version   : 1.0
   vqmver    : Latest
   author    : Flo - shopencart.com

File Name    : catalog/view/theme/*/template/common/header.tpl(0)
VQModObject::applyMod - SEARCH NOT FOUND (ABORTING MOD): <?php if ($categories) { ?>

----------------------------------------------------------------------


---------- Date: 2015-06-07 20:26:51 ~ IP : 127.0.0.1 ----------
REQUEST URI : /index.php?route=common/home
MOD DETAILS:
   modFile   : H:\open2\OpenServer\domains\elstore\vqmod/xml/supermenu.xml
   id        : Supermenu Integration Vqmod
   version   : 1.0
   vqmver    : Latest
   author    : Flo - shopencart.com

File Name    : catalog/view/theme/*/template/common/header.tpl(0)
VQModObject::applyMod - SEARCH NOT FOUND (ABORTING MOD): <?php if ($categories) { ?>

----------------------------------------------------------------------


---------- Date: 2015-06-07 20:26:57 ~ IP : 127.0.0.1 ----------
REQUEST URI : /index.php?route=product/category&amp;path=360
MOD DETAILS:
   modFile   : H:\open2\OpenServer\domains\elstore\vqmod/xml/supermenu.xml
   id        : Supermenu Integration Vqmod
   version   : 1.0
   vqmver    : Latest
   author    : Flo - shopencart.com

File Name    : catalog/view/theme/*/template/common/header.tpl(0)
VQModObject::applyMod - SEARCH NOT FOUND (ABORTING MOD): <?php if ($categories) { ?>

MOD DETAILS:
   modFile   : H:\open2\OpenServer\domains\elstore\vqmod/xml/vqmod.xml
   id        : OpenCart Product filter v3.0
   version   : 1.1
   vqmver    : 
   author    : Product filter - SOOR, vQmod - DieZ

File Name    : catalog/view/theme/*/template/product/category.tpl(0)
VQModObject::applyMod - SEARCH NOT FOUND (SKIPPED): <div class="description"><?php echo $product['description']; ?></div>
----------------------------------------------------------------------


---------- Date: 2015-06-07 20:27:12 ~ IP : 127.0.0.1 ----------
REQUEST URI : /index.php?route=product/search&amp;search=41422
MOD DETAILS:
   modFile   : H:\open2\OpenServer\domains\elstore\vqmod/xml/vqmod.xml
   id        : OpenCart Product filter v3.0
   version   : 1.1
   vqmver    : 
   author    : Product filter - SOOR, vQmod - DieZ

File Name    : catalog/controller/product/search.php(3)
VQModObject::applyMod - SEARCH NOT FOUND (SKIPPED): 'name' => $result['name'],

File Name    : catalog/view/theme/*/template/product/search.tpl(0)
VQModObject::applyMod - SEARCH NOT FOUND (SKIPPED): <div class="description"><?php echo $product['description']; ?></div>
MOD DETAILS:
   modFile   : H:\open2\OpenServer\domains\elstore\vqmod/xml/supermenu.xml
   id        : Supermenu Integration Vqmod
   version   : 1.0
   vqmver    : Latest
   author    : Flo - shopencart.com

File Name    : catalog/view/theme/*/template/common/header.tpl(0)
VQModObject::applyMod - SEARCH NOT FOUND (ABORTING MOD): <?php if ($categories) { ?>

----------------------------------------------------------------------


---------- Date: 2015-06-07 20:27:26 ~ IP : 127.0.0.1 ----------
REQUEST URI : /index.php?route=common/home
MOD DETAILS:
   modFile   : H:\open2\OpenServer\domains\elstore\vqmod/xml/supermenu.xml
   id        : Supermenu Integration Vqmod
   version   : 1.0
   vqmver    : Latest
   author    : Flo - shopencart.com

File Name    : catalog/view/theme/*/template/common/header.tpl(0)
VQModObject::applyMod - SEARCH NOT FOUND (ABORTING MOD): <?php if ($categories) { ?>

----------------------------------------------------------------------


---------- Date: 2015-06-07 20:27:28 ~ IP : 127.0.0.1 ----------
REQUEST URI : /index.php?route=common/home
MOD DETAILS:
   modFile   : H:\open2\OpenServer\domains\elstore\vqmod/xml/supermenu.xml
   id        : Supermenu Integration Vqmod
   version   : 1.0
   vqmver    : Latest
   author    : Flo - shopencart.com

File Name    : catalog/view/theme/*/template/common/header.tpl(0)
VQModObject::applyMod - SEARCH NOT FOUND (ABORTING MOD): <?php if ($categories) { ?>

----------------------------------------------------------------------


---------- Date: 2015-06-07 20:27:29 ~ IP : 127.0.0.1 ----------
REQUEST URI : /index.php?route=common/home
MOD DETAILS:
   modFile   : H:\open2\OpenServer\domains\elstore\vqmod/xml/supermenu.xml
   id        : Supermenu Integration Vqmod
   version   : 1.0
   vqmver    : Latest
   author    : Flo - shopencart.com

File Name    : catalog/view/theme/*/template/common/header.tpl(0)
VQModObject::applyMod - SEARCH NOT FOUND (ABORTING MOD): <?php if ($categories) { ?>

----------------------------------------------------------------------


---------- Date: 2015-06-07 20:29:49 ~ IP : 127.0.0.1 ----------
REQUEST URI : /index.php?route=common/home
MOD DETAILS:
   modFile   : H:\open2\OpenServer\domains\elstore\vqmod/xml/supermenu.xml
   id        : Supermenu Integration Vqmod
   version   : 1.0
   vqmver    : Latest
   author    : Flo - shopencart.com

File Name    : catalog/view/theme/*/template/common/header.tpl(0)
VQModObject::applyMod - SEARCH NOT FOUND (ABORTING MOD): <?php if ($categories) { ?>

----------------------------------------------------------------------


---------- Date: 2015-06-07 20:30:06 ~ IP : 127.0.0.1 ----------
REQUEST URI : /index.php?route=product/category&amp;path=63_401
MOD DETAILS:
   modFile   : H:\open2\OpenServer\domains\elstore\vqmod/xml/supermenu.xml
   id        : Supermenu Integration Vqmod
   version   : 1.0
   vqmver    : Latest
   author    : Flo - shopencart.com

File Name    : catalog/view/theme/*/template/common/header.tpl(0)
VQModObject::applyMod - SEARCH NOT FOUND (ABORTING MOD): <?php if ($categories) { ?>

MOD DETAILS:
   modFile   : H:\open2\OpenServer\domains\elstore\vqmod/xml/vqmod.xml
   id        : OpenCart Product filter v3.0
   version   : 1.1
   vqmver    : 
   author    : Product filter - SOOR, vQmod - DieZ

File Name    : catalog/view/theme/*/template/product/category.tpl(0)
VQModObject::applyMod - SEARCH NOT FOUND (SKIPPED): <div class="description"><?php echo $product['description']; ?></div>
----------------------------------------------------------------------


---------- Date: 2015-06-07 20:30:10 ~ IP : 127.0.0.1 ----------
REQUEST URI : /index.php?route=common/home
MOD DETAILS:
   modFile   : H:\open2\OpenServer\domains\elstore\vqmod/xml/supermenu.xml
   id        : Supermenu Integration Vqmod
   version   : 1.0
   vqmver    : Latest
   author    : Flo - shopencart.com

File Name    : catalog/view/theme/*/template/common/header.tpl(0)
VQModObject::applyMod - SEARCH NOT FOUND (ABORTING MOD): <?php if ($categories) { ?>

----------------------------------------------------------------------


---------- Date: 2015-06-07 20:32:37 ~ IP : 127.0.0.1 ----------
REQUEST URI : /index.php?route=common/home
MOD DETAILS:
   modFile   : H:\open2\OpenServer\domains\elstore\vqmod/xml/supermenu.xml
   id        : Supermenu Integration Vqmod
   version   : 1.0
   vqmver    : Latest
   author    : Flo - shopencart.com

File Name    : catalog/view/theme/*/template/common/header.tpl(0)
VQModObject::applyMod - SEARCH NOT FOUND (ABORTING MOD): <?php if ($categories) { ?>

----------------------------------------------------------------------


---------- Date: 2015-06-07 20:32:48 ~ IP : 127.0.0.1 ----------
REQUEST URI : /index.php?route=product/category&amp;path=63
MOD DETAILS:
   modFile   : H:\open2\OpenServer\domains\elstore\vqmod/xml/supermenu.xml
   id        : Supermenu Integration Vqmod
   version   : 1.0
   vqmver    : Latest
   author    : Flo - shopencart.com

File Name    : catalog/view/theme/*/template/common/header.tpl(0)
VQModObject::applyMod - SEARCH NOT FOUND (ABORTING MOD): <?php if ($categories) { ?>

MOD DETAILS:
   modFile   : H:\open2\OpenServer\domains\elstore\vqmod/xml/vqmod.xml
   id        : OpenCart Product filter v3.0
   version   : 1.1
   vqmver    : 
   author    : Product filter - SOOR, vQmod - DieZ

File Name    : catalog/view/theme/*/template/product/category.tpl(0)
VQModObject::applyMod - SEARCH NOT FOUND (SKIPPED): <div class="description"><?php echo $product['description']; ?></div>
----------------------------------------------------------------------


---------- Date: 2015-06-07 20:33:14 ~ IP : 127.0.0.1 ----------
REQUEST URI : /index.php?route=common/home
MOD DETAILS:
   modFile   : H:\open2\OpenServer\domains\elstore\vqmod/xml/supermenu.xml
   id        : Supermenu Integration Vqmod
   version   : 1.0
   vqmver    : Latest
   author    : Flo - shopencart.com

File Name    : catalog/view/theme/*/template/common/header.tpl(0)
VQModObject::applyMod - SEARCH NOT FOUND (ABORTING MOD): <?php if ($categories) { ?>

----------------------------------------------------------------------


---------- Date: 2015-06-07 20:33:37 ~ IP : 127.0.0.1 ----------
REQUEST URI : /index.php?route=product/category&amp;path=63_401
MOD DETAILS:
   modFile   : H:\open2\OpenServer\domains\elstore\vqmod/xml/supermenu.xml
   id        : Supermenu Integration Vqmod
   version   : 1.0
   vqmver    : Latest
   author    : Flo - shopencart.com

File Name    : catalog/view/theme/*/template/common/header.tpl(0)
VQModObject::applyMod - SEARCH NOT FOUND (ABORTING MOD): <?php if ($categories) { ?>

MOD DETAILS:
   modFile   : H:\open2\OpenServer\domains\elstore\vqmod/xml/vqmod.xml
   id        : OpenCart Product filter v3.0
   version   : 1.1
   vqmver    : 
   author    : Product filter - SOOR, vQmod - DieZ

File Name    : catalog/view/theme/*/template/product/category.tpl(0)
VQModObject::applyMod - SEARCH NOT FOUND (SKIPPED): <div class="description"><?php echo $product['description']; ?></div>
----------------------------------------------------------------------


---------- Date: 2015-06-07 20:34:43 ~ IP : 127.0.0.1 ----------
REQUEST URI : /index.php?route=common/home
MOD DETAILS:
   modFile   : H:\open2\OpenServer\domains\elstore\vqmod/xml/supermenu.xml
   id        : Supermenu Integration Vqmod
   version   : 1.0
   vqmver    : Latest
   author    : Flo - shopencart.com

File Name    : catalog/view/theme/*/template/common/header.tpl(0)
VQModObject::applyMod - SEARCH NOT FOUND (ABORTING MOD): <?php if ($categories) { ?>

----------------------------------------------------------------------


---------- Date: 2015-06-07 20:36:02 ~ IP : 127.0.0.1 ----------
REQUEST URI : /index.php?route=common/home
MOD DETAILS:
   modFile   : H:\open2\OpenServer\domains\elstore\vqmod/xml/supermenu.xml
   id        : Supermenu Integration Vqmod
   version   : 1.0
   vqmver    : Latest
   author    : Flo - shopencart.com

File Name    : catalog/view/theme/*/template/common/header.tpl(0)
VQModObject::applyMod - SEARCH NOT FOUND (ABORTING MOD): <?php if ($categories) { ?>

----------------------------------------------------------------------


---------- Date: 2015-06-07 20:36:53 ~ IP : 127.0.0.1 ----------
REQUEST URI : /index.php?route=common/home
MOD DETAILS:
   modFile   : H:\open2\OpenServer\domains\elstore\vqmod/xml/supermenu.xml
   id        : Supermenu Integration Vqmod
   version   : 1.0
   vqmver    : Latest
   author    : Flo - shopencart.com

File Name    : catalog/view/theme/*/template/common/header.tpl(0)
VQModObject::applyMod - SEARCH NOT FOUND (ABORTING MOD): <?php if ($categories) { ?>

----------------------------------------------------------------------


---------- Date: 2015-06-07 20:38:18 ~ IP : 127.0.0.1 ----------
REQUEST URI : /index.php?route=common/home
MOD DETAILS:
   modFile   : H:\open2\OpenServer\domains\elstore\vqmod/xml/supermenu.xml
   id        : Supermenu Integration Vqmod
   version   : 1.0
   vqmver    : Latest
   author    : Flo - shopencart.com

File Name    : catalog/view/theme/*/template/common/header.tpl(0)
VQModObject::applyMod - SEARCH NOT FOUND (ABORTING MOD): <?php if ($categories) { ?>

----------------------------------------------------------------------


---------- Date: 2015-06-07 20:38:25 ~ IP : 127.0.0.1 ----------
REQUEST URI : /index.php?route=product/category&amp;path=63_395
MOD DETAILS:
   modFile   : H:\open2\OpenServer\domains\elstore\vqmod/xml/supermenu.xml
   id        : Supermenu Integration Vqmod
   version   : 1.0
   vqmver    : Latest
   author    : Flo - shopencart.com

File Name    : catalog/view/theme/*/template/common/header.tpl(0)
VQModObject::applyMod - SEARCH NOT FOUND (ABORTING MOD): <?php if ($categories) { ?>

MOD DETAILS:
   modFile   : H:\open2\OpenServer\domains\elstore\vqmod/xml/vqmod.xml
   id        : OpenCart Product filter v3.0
   version   : 1.1
   vqmver    : 
   author    : Product filter - SOOR, vQmod - DieZ

File Name    : catalog/view/theme/*/template/product/category.tpl(0)
VQModObject::applyMod - SEARCH NOT FOUND (SKIPPED): <div class="description"><?php echo $product['description']; ?></div>
----------------------------------------------------------------------


---------- Date: 2015-06-07 22:13:25 ~ IP : 127.0.0.1 ----------
REQUEST URI : /index.php?route=product/category&amp;path=63_395
MOD DETAILS:
   modFile   : H:\open2\OpenServer\domains\elstore\vqmod/xml/supermenu.xml
   id        : Supermenu Integration Vqmod
   version   : 1.0
   vqmver    : Latest
   author    : Flo - shopencart.com

File Name    : catalog/view/theme/*/template/common/header.tpl(0)
VQModObject::applyMod - SEARCH NOT FOUND (ABORTING MOD): <?php if ($categories) { ?>

MOD DETAILS:
   modFile   : H:\open2\OpenServer\domains\elstore\vqmod/xml/vqmod.xml
   id        : OpenCart Product filter v3.0
   version   : 1.1
   vqmver    : 
   author    : Product filter - SOOR, vQmod - DieZ

File Name    : catalog/view/theme/*/template/product/category.tpl(0)
VQModObject::applyMod - SEARCH NOT FOUND (SKIPPED): <div class="description"><?php echo $product['description']; ?></div>
----------------------------------------------------------------------


---------- Date: 2015-06-07 22:15:46 ~ IP : 127.0.0.1 ----------
REQUEST URI : /index.php?route=product/category&amp;path=63_395
MOD DETAILS:
   modFile   : H:\open2\OpenServer\domains\elstore\vqmod/xml/supermenu.xml
   id        : Supermenu Integration Vqmod
   version   : 1.0
   vqmver    : Latest
   author    : Flo - shopencart.com

File Name    : catalog/view/theme/*/template/common/header.tpl(0)
VQModObject::applyMod - SEARCH NOT FOUND (ABORTING MOD): <?php if ($categories) { ?>

MOD DETAILS:
   modFile   : H:\open2\OpenServer\domains\elstore\vqmod/xml/vqmod.xml
   id        : OpenCart Product filter v3.0
   version   : 1.1
   vqmver    : 
   author    : Product filter - SOOR, vQmod - DieZ

File Name    : catalog/view/theme/*/template/product/category.tpl(0)
VQModObject::applyMod - SEARCH NOT FOUND (SKIPPED): <div class="description"><?php echo $product['description']; ?></div>
----------------------------------------------------------------------


---------- Date: 2015-06-07 22:19:36 ~ IP : 127.0.0.1 ----------
REQUEST URI : /index.php?route=product/category&amp;path=63_395
MOD DETAILS:
   modFile   : H:\open2\OpenServer\domains\elstore\vqmod/xml/supermenu.xml
   id        : Supermenu Integration Vqmod
   version   : 1.0
   vqmver    : Latest
   author    : Flo - shopencart.com

File Name    : catalog/view/theme/*/template/common/header.tpl(0)
VQModObject::applyMod - SEARCH NOT FOUND (ABORTING MOD): <?php if ($categories) { ?>

MOD DETAILS:
   modFile   : H:\open2\OpenServer\domains\elstore\vqmod/xml/vqmod.xml
   id        : OpenCart Product filter v3.0
   version   : 1.1
   vqmver    : 
   author    : Product filter - SOOR, vQmod - DieZ

File Name    : catalog/view/theme/*/template/product/category.tpl(0)
VQModObject::applyMod - SEARCH NOT FOUND (SKIPPED): <div class="description"><?php echo $product['description']; ?></div>
----------------------------------------------------------------------


---------- Date: 2015-06-07 22:23:06 ~ IP : 127.0.0.1 ----------
REQUEST URI : /index.php?route=product/category&amp;path=63_395
MOD DETAILS:
   modFile   : H:\open2\OpenServer\domains\elstore\vqmod/xml/supermenu.xml
   id        : Supermenu Integration Vqmod
   version   : 1.0
   vqmver    : Latest
   author    : Flo - shopencart.com

File Name    : catalog/view/theme/*/template/common/header.tpl(0)
VQModObject::applyMod - SEARCH NOT FOUND (ABORTING MOD): <?php if ($categories) { ?>

MOD DETAILS:
   modFile   : H:\open2\OpenServer\domains\elstore\vqmod/xml/vqmod.xml
   id        : OpenCart Product filter v3.0
   version   : 1.1
   vqmver    : 
   author    : Product filter - SOOR, vQmod - DieZ

File Name    : catalog/view/theme/*/template/product/category.tpl(0)
VQModObject::applyMod - SEARCH NOT FOUND (SKIPPED): <div class="description"><?php echo $product['description']; ?></div>
----------------------------------------------------------------------


---------- Date: 2015-06-07 22:23:40 ~ IP : 127.0.0.1 ----------
REQUEST URI : /index.php?route=product/category&amp;path=63_395
MOD DETAILS:
   modFile   : H:\open2\OpenServer\domains\elstore\vqmod/xml/supermenu.xml
   id        : Supermenu Integration Vqmod
   version   : 1.0
   vqmver    : Latest
   author    : Flo - shopencart.com

File Name    : catalog/view/theme/*/template/common/header.tpl(0)
VQModObject::applyMod - SEARCH NOT FOUND (ABORTING MOD): <?php if ($categories) { ?>

MOD DETAILS:
   modFile   : H:\open2\OpenServer\domains\elstore\vqmod/xml/vqmod.xml
   id        : OpenCart Product filter v3.0
   version   : 1.1
   vqmver    : 
   author    : Product filter - SOOR, vQmod - DieZ

File Name    : catalog/view/theme/*/template/product/category.tpl(0)
VQModObject::applyMod - SEARCH NOT FOUND (SKIPPED): <div class="description"><?php echo $product['description']; ?></div>
----------------------------------------------------------------------


---------- Date: 2015-06-07 22:26:01 ~ IP : 127.0.0.1 ----------
REQUEST URI : /index.php?route=product/category&amp;path=63_395
MOD DETAILS:
   modFile   : H:\open2\OpenServer\domains\elstore\vqmod/xml/supermenu.xml
   id        : Supermenu Integration Vqmod
   version   : 1.0
   vqmver    : Latest
   author    : Flo - shopencart.com

File Name    : catalog/view/theme/*/template/common/header.tpl(0)
VQModObject::applyMod - SEARCH NOT FOUND (ABORTING MOD): <?php if ($categories) { ?>

MOD DETAILS:
   modFile   : H:\open2\OpenServer\domains\elstore\vqmod/xml/vqmod.xml
   id        : OpenCart Product filter v3.0
   version   : 1.1
   vqmver    : 
   author    : Product filter - SOOR, vQmod - DieZ

File Name    : catalog/view/theme/*/template/product/category.tpl(0)
VQModObject::applyMod - SEARCH NOT FOUND (SKIPPED): <div class="description"><?php echo $product['description']; ?></div>
----------------------------------------------------------------------


---------- Date: 2015-06-07 22:26:49 ~ IP : 127.0.0.1 ----------
REQUEST URI : /index.php?route=product/category&amp;path=63_395
MOD DETAILS:
   modFile   : H:\open2\OpenServer\domains\elstore\vqmod/xml/supermenu.xml
   id        : Supermenu Integration Vqmod
   version   : 1.0
   vqmver    : Latest
   author    : Flo - shopencart.com

File Name    : catalog/view/theme/*/template/common/header.tpl(0)
VQModObject::applyMod - SEARCH NOT FOUND (ABORTING MOD): <?php if ($categories) { ?>

MOD DETAILS:
   modFile   : H:\open2\OpenServer\domains\elstore\vqmod/xml/vqmod.xml
   id        : OpenCart Product filter v3.0
   version   : 1.1
   vqmver    : 
   author    : Product filter - SOOR, vQmod - DieZ

File Name    : catalog/view/theme/*/template/product/category.tpl(0)
VQModObject::applyMod - SEARCH NOT FOUND (SKIPPED): <div class="description"><?php echo $product['description']; ?></div>
----------------------------------------------------------------------


---------- Date: 2015-06-07 22:27:12 ~ IP : 127.0.0.1 ----------
REQUEST URI : /index.php?route=product/category&amp;path=63_395
MOD DETAILS:
   modFile   : H:\open2\OpenServer\domains\elstore\vqmod/xml/supermenu.xml
   id        : Supermenu Integration Vqmod
   version   : 1.0
   vqmver    : Latest
   author    : Flo - shopencart.com

File Name    : catalog/view/theme/*/template/common/header.tpl(0)
VQModObject::applyMod - SEARCH NOT FOUND (ABORTING MOD): <?php if ($categories) { ?>

MOD DETAILS:
   modFile   : H:\open2\OpenServer\domains\elstore\vqmod/xml/vqmod.xml
   id        : OpenCart Product filter v3.0
   version   : 1.1
   vqmver    : 
   author    : Product filter - SOOR, vQmod - DieZ

File Name    : catalog/view/theme/*/template/product/category.tpl(0)
VQModObject::applyMod - SEARCH NOT FOUND (SKIPPED): <div class="description"><?php echo $product['description']; ?></div>
----------------------------------------------------------------------


---------- Date: 2015-06-07 22:27:36 ~ IP : 127.0.0.1 ----------
REQUEST URI : /index.php?route=product/category&amp;path=63_395
MOD DETAILS:
   modFile   : H:\open2\OpenServer\domains\elstore\vqmod/xml/supermenu.xml
   id        : Supermenu Integration Vqmod
   version   : 1.0
   vqmver    : Latest
   author    : Flo - shopencart.com

File Name    : catalog/view/theme/*/template/common/header.tpl(0)
VQModObject::applyMod - SEARCH NOT FOUND (ABORTING MOD): <?php if ($categories) { ?>

MOD DETAILS:
   modFile   : H:\open2\OpenServer\domains\elstore\vqmod/xml/vqmod.xml
   id        : OpenCart Product filter v3.0
   version   : 1.1
   vqmver    : 
   author    : Product filter - SOOR, vQmod - DieZ

File Name    : catalog/view/theme/*/template/product/category.tpl(0)
VQModObject::applyMod - SEARCH NOT FOUND (SKIPPED): <div class="description"><?php echo $product['description']; ?></div>
----------------------------------------------------------------------


---------- Date: 2015-06-07 22:27:50 ~ IP : 127.0.0.1 ----------
REQUEST URI : /index.php?route=product/category&amp;path=63_395
MOD DETAILS:
   modFile   : H:\open2\OpenServer\domains\elstore\vqmod/xml/supermenu.xml
   id        : Supermenu Integration Vqmod
   version   : 1.0
   vqmver    : Latest
   author    : Flo - shopencart.com

File Name    : catalog/view/theme/*/template/common/header.tpl(0)
VQModObject::applyMod - SEARCH NOT FOUND (ABORTING MOD): <?php if ($categories) { ?>

MOD DETAILS:
   modFile   : H:\open2\OpenServer\domains\elstore\vqmod/xml/vqmod.xml
   id        : OpenCart Product filter v3.0
   version   : 1.1
   vqmver    : 
   author    : Product filter - SOOR, vQmod - DieZ

File Name    : catalog/view/theme/*/template/product/category.tpl(0)
VQModObject::applyMod - SEARCH NOT FOUND (SKIPPED): <div class="description"><?php echo $product['description']; ?></div>
----------------------------------------------------------------------


---------- Date: 2015-06-07 22:28:05 ~ IP : 127.0.0.1 ----------
REQUEST URI : /index.php?route=product/category&amp;path=63_395
MOD DETAILS:
   modFile   : H:\open2\OpenServer\domains\elstore\vqmod/xml/supermenu.xml
   id        : Supermenu Integration Vqmod
   version   : 1.0
   vqmver    : Latest
   author    : Flo - shopencart.com

File Name    : catalog/view/theme/*/template/common/header.tpl(0)
VQModObject::applyMod - SEARCH NOT FOUND (ABORTING MOD): <?php if ($categories) { ?>

MOD DETAILS:
   modFile   : H:\open2\OpenServer\domains\elstore\vqmod/xml/vqmod.xml
   id        : OpenCart Product filter v3.0
   version   : 1.1
   vqmver    : 
   author    : Product filter - SOOR, vQmod - DieZ

File Name    : catalog/view/theme/*/template/product/category.tpl(0)
VQModObject::applyMod - SEARCH NOT FOUND (SKIPPED): <div class="description"><?php echo $product['description']; ?></div>
----------------------------------------------------------------------


---------- Date: 2015-06-07 22:28:29 ~ IP : 127.0.0.1 ----------
REQUEST URI : /index.php?route=product/category&amp;path=63_395
MOD DETAILS:
   modFile   : H:\open2\OpenServer\domains\elstore\vqmod/xml/supermenu.xml
   id        : Supermenu Integration Vqmod
   version   : 1.0
   vqmver    : Latest
   author    : Flo - shopencart.com

File Name    : catalog/view/theme/*/template/common/header.tpl(0)
VQModObject::applyMod - SEARCH NOT FOUND (ABORTING MOD): <?php if ($categories) { ?>

MOD DETAILS:
   modFile   : H:\open2\OpenServer\domains\elstore\vqmod/xml/vqmod.xml
   id        : OpenCart Product filter v3.0
   version   : 1.1
   vqmver    : 
   author    : Product filter - SOOR, vQmod - DieZ

File Name    : catalog/view/theme/*/template/product/category.tpl(0)
VQModObject::applyMod - SEARCH NOT FOUND (SKIPPED): <div class="description"><?php echo $product['description']; ?></div>
----------------------------------------------------------------------


---------- Date: 2015-06-07 22:28:55 ~ IP : 127.0.0.1 ----------
REQUEST URI : /index.php?route=product/category&amp;path=63_395
MOD DETAILS:
   modFile   : H:\open2\OpenServer\domains\elstore\vqmod/xml/supermenu.xml
   id        : Supermenu Integration Vqmod
   version   : 1.0
   vqmver    : Latest
   author    : Flo - shopencart.com

File Name    : catalog/view/theme/*/template/common/header.tpl(0)
VQModObject::applyMod - SEARCH NOT FOUND (ABORTING MOD): <?php if ($categories) { ?>

MOD DETAILS:
   modFile   : H:\open2\OpenServer\domains\elstore\vqmod/xml/vqmod.xml
   id        : OpenCart Product filter v3.0
   version   : 1.1
   vqmver    : 
   author    : Product filter - SOOR, vQmod - DieZ

File Name    : catalog/view/theme/*/template/product/category.tpl(0)
VQModObject::applyMod - SEARCH NOT FOUND (SKIPPED): <div class="description"><?php echo $product['description']; ?></div>
----------------------------------------------------------------------


---------- Date: 2015-06-07 22:29:10 ~ IP : 127.0.0.1 ----------
REQUEST URI : /index.php?route=product/category&amp;path=63_395
MOD DETAILS:
   modFile   : H:\open2\OpenServer\domains\elstore\vqmod/xml/supermenu.xml
   id        : Supermenu Integration Vqmod
   version   : 1.0
   vqmver    : Latest
   author    : Flo - shopencart.com

File Name    : catalog/view/theme/*/template/common/header.tpl(0)
VQModObject::applyMod - SEARCH NOT FOUND (ABORTING MOD): <?php if ($categories) { ?>

MOD DETAILS:
   modFile   : H:\open2\OpenServer\domains\elstore\vqmod/xml/vqmod.xml
   id        : OpenCart Product filter v3.0
   version   : 1.1
   vqmver    : 
   author    : Product filter - SOOR, vQmod - DieZ

File Name    : catalog/view/theme/*/template/product/category.tpl(0)
VQModObject::applyMod - SEARCH NOT FOUND (SKIPPED): <div class="description"><?php echo $product['description']; ?></div>
----------------------------------------------------------------------


---------- Date: 2015-06-07 22:29:39 ~ IP : 127.0.0.1 ----------
REQUEST URI : /index.php?route=product/category&amp;path=63_395
MOD DETAILS:
   modFile   : H:\open2\OpenServer\domains\elstore\vqmod/xml/supermenu.xml
   id        : Supermenu Integration Vqmod
   version   : 1.0
   vqmver    : Latest
   author    : Flo - shopencart.com

File Name    : catalog/view/theme/*/template/common/header.tpl(0)
VQModObject::applyMod - SEARCH NOT FOUND (ABORTING MOD): <?php if ($categories) { ?>

MOD DETAILS:
   modFile   : H:\open2\OpenServer\domains\elstore\vqmod/xml/vqmod.xml
   id        : OpenCart Product filter v3.0
   version   : 1.1
   vqmver    : 
   author    : Product filter - SOOR, vQmod - DieZ

File Name    : catalog/view/theme/*/template/product/category.tpl(0)
VQModObject::applyMod - SEARCH NOT FOUND (SKIPPED): <div class="description"><?php echo $product['description']; ?></div>
----------------------------------------------------------------------


---------- Date: 2015-06-07 22:29:56 ~ IP : 127.0.0.1 ----------
REQUEST URI : /index.php?route=product/category&amp;path=63_395
MOD DETAILS:
   modFile   : H:\open2\OpenServer\domains\elstore\vqmod/xml/supermenu.xml
   id        : Supermenu Integration Vqmod
   version   : 1.0
   vqmver    : Latest
   author    : Flo - shopencart.com

File Name    : catalog/view/theme/*/template/common/header.tpl(0)
VQModObject::applyMod - SEARCH NOT FOUND (ABORTING MOD): <?php if ($categories) { ?>

MOD DETAILS:
   modFile   : H:\open2\OpenServer\domains\elstore\vqmod/xml/vqmod.xml
   id        : OpenCart Product filter v3.0
   version   : 1.1
   vqmver    : 
   author    : Product filter - SOOR, vQmod - DieZ

File Name    : catalog/view/theme/*/template/product/category.tpl(0)
VQModObject::applyMod - SEARCH NOT FOUND (SKIPPED): <div class="description"><?php echo $product['description']; ?></div>
----------------------------------------------------------------------


---------- Date: 2015-06-07 22:37:13 ~ IP : 127.0.0.1 ----------
REQUEST URI : /
MOD DETAILS:
   modFile   : H:\open2\OpenServer\domains\elstore\vqmod/xml/supermenu.xml
   id        : Supermenu Integration Vqmod
   version   : 1.0
   vqmver    : Latest
   author    : Flo - shopencart.com

File Name    : catalog/view/theme/*/template/common/header.tpl(0)
VQModObject::applyMod - SEARCH NOT FOUND (ABORTING MOD): <?php if ($categories) { ?>

----------------------------------------------------------------------


---------- Date: 2015-06-07 22:39:10 ~ IP : 127.0.0.1 ----------
REQUEST URI : /
MOD DETAILS:
   modFile   : H:\open2\OpenServer\domains\elstore\vqmod/xml/supermenu.xml
   id        : Supermenu Integration Vqmod
   version   : 1.0
   vqmver    : Latest
   author    : Flo - shopencart.com

File Name    : catalog/view/theme/*/template/common/header.tpl(0)
VQModObject::applyMod - SEARCH NOT FOUND (ABORTING MOD): <?php if ($categories) { ?>

----------------------------------------------------------------------


---------- Date: 2015-06-07 22:39:24 ~ IP : 127.0.0.1 ----------
REQUEST URI : /
MOD DETAILS:
   modFile   : H:\open2\OpenServer\domains\elstore\vqmod/xml/supermenu.xml
   id        : Supermenu Integration Vqmod
   version   : 1.0
   vqmver    : Latest
   author    : Flo - shopencart.com

File Name    : catalog/view/theme/*/template/common/header.tpl(0)
VQModObject::applyMod - SEARCH NOT FOUND (ABORTING MOD): <?php if ($categories) { ?>

----------------------------------------------------------------------


---------- Date: 2015-06-07 22:39:32 ~ IP : 127.0.0.1 ----------
REQUEST URI : /
MOD DETAILS:
   modFile   : H:\open2\OpenServer\domains\elstore\vqmod/xml/supermenu.xml
   id        : Supermenu Integration Vqmod
   version   : 1.0
   vqmver    : Latest
   author    : Flo - shopencart.com

File Name    : catalog/view/theme/*/template/common/header.tpl(0)
VQModObject::applyMod - SEARCH NOT FOUND (ABORTING MOD): <?php if ($categories) { ?>

----------------------------------------------------------------------


---------- Date: 2015-06-07 22:39:47 ~ IP : 127.0.0.1 ----------
REQUEST URI : /
MOD DETAILS:
   modFile   : H:\open2\OpenServer\domains\elstore\vqmod/xml/supermenu.xml
   id        : Supermenu Integration Vqmod
   version   : 1.0
   vqmver    : Latest
   author    : Flo - shopencart.com

File Name    : catalog/view/theme/*/template/common/header.tpl(0)
VQModObject::applyMod - SEARCH NOT FOUND (ABORTING MOD): <?php if ($categories) { ?>

----------------------------------------------------------------------


---------- Date: 2015-06-07 22:42:56 ~ IP : 127.0.0.1 ----------
REQUEST URI : /
MOD DETAILS:
   modFile   : H:\open2\OpenServer\domains\elstore\vqmod/xml/supermenu.xml
   id        : Supermenu Integration Vqmod
   version   : 1.0
   vqmver    : Latest
   author    : Flo - shopencart.com

File Name    : catalog/view/theme/*/template/common/header.tpl(0)
VQModObject::applyMod - SEARCH NOT FOUND (ABORTING MOD): <?php if ($categories) { ?>

----------------------------------------------------------------------


---------- Date: 2015-06-07 22:44:48 ~ IP : 127.0.0.1 ----------
REQUEST URI : /
MOD DETAILS:
   modFile   : H:\open2\OpenServer\domains\elstore\vqmod/xml/supermenu.xml
   id        : Supermenu Integration Vqmod
   version   : 1.0
   vqmver    : Latest
   author    : Flo - shopencart.com

File Name    : catalog/view/theme/*/template/common/header.tpl(0)
VQModObject::applyMod - SEARCH NOT FOUND (ABORTING MOD): <?php if ($categories) { ?>

----------------------------------------------------------------------


---------- Date: 2015-06-07 22:45:24 ~ IP : 127.0.0.1 ----------
REQUEST URI : /
MOD DETAILS:
   modFile   : H:\open2\OpenServer\domains\elstore\vqmod/xml/supermenu.xml
   id        : Supermenu Integration Vqmod
   version   : 1.0
   vqmver    : Latest
   author    : Flo - shopencart.com

File Name    : catalog/view/theme/*/template/common/header.tpl(0)
VQModObject::applyMod - SEARCH NOT FOUND (ABORTING MOD): <?php if ($categories) { ?>

----------------------------------------------------------------------


---------- Date: 2015-06-07 22:45:43 ~ IP : 127.0.0.1 ----------
REQUEST URI : /
MOD DETAILS:
   modFile   : H:\open2\OpenServer\domains\elstore\vqmod/xml/supermenu.xml
   id        : Supermenu Integration Vqmod
   version   : 1.0
   vqmver    : Latest
   author    : Flo - shopencart.com

File Name    : catalog/view/theme/*/template/common/header.tpl(0)
VQModObject::applyMod - SEARCH NOT FOUND (ABORTING MOD): <?php if ($categories) { ?>

----------------------------------------------------------------------


---------- Date: 2015-06-07 22:46:27 ~ IP : 127.0.0.1 ----------
REQUEST URI : /
MOD DETAILS:
   modFile   : H:\open2\OpenServer\domains\elstore\vqmod/xml/supermenu.xml
   id        : Supermenu Integration Vqmod
   version   : 1.0
   vqmver    : Latest
   author    : Flo - shopencart.com

File Name    : catalog/view/theme/*/template/common/header.tpl(0)
VQModObject::applyMod - SEARCH NOT FOUND (ABORTING MOD): <?php if ($categories) { ?>

----------------------------------------------------------------------


---------- Date: 2015-06-07 22:46:48 ~ IP : 127.0.0.1 ----------
REQUEST URI : /
MOD DETAILS:
   modFile   : H:\open2\OpenServer\domains\elstore\vqmod/xml/supermenu.xml
   id        : Supermenu Integration Vqmod
   version   : 1.0
   vqmver    : Latest
   author    : Flo - shopencart.com

File Name    : catalog/view/theme/*/template/common/header.tpl(0)
VQModObject::applyMod - SEARCH NOT FOUND (ABORTING MOD): <?php if ($categories) { ?>

----------------------------------------------------------------------


---------- Date: 2015-06-07 22:47:01 ~ IP : 127.0.0.1 ----------
REQUEST URI : /
MOD DETAILS:
   modFile   : H:\open2\OpenServer\domains\elstore\vqmod/xml/supermenu.xml
   id        : Supermenu Integration Vqmod
   version   : 1.0
   vqmver    : Latest
   author    : Flo - shopencart.com

File Name    : catalog/view/theme/*/template/common/header.tpl(0)
VQModObject::applyMod - SEARCH NOT FOUND (ABORTING MOD): <?php if ($categories) { ?>

----------------------------------------------------------------------


---------- Date: 2015-06-07 22:48:20 ~ IP : 127.0.0.1 ----------
REQUEST URI : /
MOD DETAILS:
   modFile   : H:\open2\OpenServer\domains\elstore\vqmod/xml/supermenu.xml
   id        : Supermenu Integration Vqmod
   version   : 1.0
   vqmver    : Latest
   author    : Flo - shopencart.com

File Name    : catalog/view/theme/*/template/common/header.tpl(0)
VQModObject::applyMod - SEARCH NOT FOUND (ABORTING MOD): <?php if ($categories) { ?>

----------------------------------------------------------------------


---------- Date: 2015-06-07 22:48:38 ~ IP : 127.0.0.1 ----------
REQUEST URI : /
MOD DETAILS:
   modFile   : H:\open2\OpenServer\domains\elstore\vqmod/xml/supermenu.xml
   id        : Supermenu Integration Vqmod
   version   : 1.0
   vqmver    : Latest
   author    : Flo - shopencart.com

File Name    : catalog/view/theme/*/template/common/header.tpl(0)
VQModObject::applyMod - SEARCH NOT FOUND (ABORTING MOD): <?php if ($categories) { ?>

----------------------------------------------------------------------


---------- Date: 2015-06-07 22:49:47 ~ IP : 127.0.0.1 ----------
REQUEST URI : /
MOD DETAILS:
   modFile   : H:\open2\OpenServer\domains\elstore\vqmod/xml/supermenu.xml
   id        : Supermenu Integration Vqmod
   version   : 1.0
   vqmver    : Latest
   author    : Flo - shopencart.com

File Name    : catalog/view/theme/*/template/common/header.tpl(0)
VQModObject::applyMod - SEARCH NOT FOUND (ABORTING MOD): <?php if ($categories) { ?>

----------------------------------------------------------------------


---------- Date: 2015-06-07 22:50:07 ~ IP : 127.0.0.1 ----------
REQUEST URI : /
MOD DETAILS:
   modFile   : H:\open2\OpenServer\domains\elstore\vqmod/xml/supermenu.xml
   id        : Supermenu Integration Vqmod
   version   : 1.0
   vqmver    : Latest
   author    : Flo - shopencart.com

File Name    : catalog/view/theme/*/template/common/header.tpl(0)
VQModObject::applyMod - SEARCH NOT FOUND (ABORTING MOD): <?php if ($categories) { ?>

----------------------------------------------------------------------


---------- Date: 2015-06-07 22:51:48 ~ IP : 127.0.0.1 ----------
REQUEST URI : /
MOD DETAILS:
   modFile   : H:\open2\OpenServer\domains\elstore\vqmod/xml/supermenu.xml
   id        : Supermenu Integration Vqmod
   version   : 1.0
   vqmver    : Latest
   author    : Flo - shopencart.com

File Name    : catalog/view/theme/*/template/common/header.tpl(0)
VQModObject::applyMod - SEARCH NOT FOUND (ABORTING MOD): <?php if ($categories) { ?>

----------------------------------------------------------------------


---------- Date: 2015-06-07 22:52:04 ~ IP : 127.0.0.1 ----------
REQUEST URI : /
MOD DETAILS:
   modFile   : H:\open2\OpenServer\domains\elstore\vqmod/xml/supermenu.xml
   id        : Supermenu Integration Vqmod
   version   : 1.0
   vqmver    : Latest
   author    : Flo - shopencart.com

File Name    : catalog/view/theme/*/template/common/header.tpl(0)
VQModObject::applyMod - SEARCH NOT FOUND (ABORTING MOD): <?php if ($categories) { ?>

----------------------------------------------------------------------


---------- Date: 2015-06-07 23:03:47 ~ IP : 127.0.0.1 ----------
REQUEST URI : /
MOD DETAILS:
   modFile   : H:\open2\OpenServer\domains\elstore\vqmod/xml/supermenu.xml
   id        : Supermenu Integration Vqmod
   version   : 1.0
   vqmver    : Latest
   author    : Flo - shopencart.com

File Name    : catalog/view/theme/*/template/common/header.tpl(0)
VQModObject::applyMod - SEARCH NOT FOUND (ABORTING MOD): <?php if ($categories) { ?>

----------------------------------------------------------------------


---------- Date: 2015-06-07 23:04:03 ~ IP : 127.0.0.1 ----------
REQUEST URI : /
MOD DETAILS:
   modFile   : H:\open2\OpenServer\domains\elstore\vqmod/xml/supermenu.xml
   id        : Supermenu Integration Vqmod
   version   : 1.0
   vqmver    : Latest
   author    : Flo - shopencart.com

File Name    : catalog/view/theme/*/template/common/header.tpl(0)
VQModObject::applyMod - SEARCH NOT FOUND (ABORTING MOD): <?php if ($categories) { ?>

----------------------------------------------------------------------


---------- Date: 2015-06-07 23:04:12 ~ IP : 127.0.0.1 ----------
REQUEST URI : /
MOD DETAILS:
   modFile   : H:\open2\OpenServer\domains\elstore\vqmod/xml/supermenu.xml
   id        : Supermenu Integration Vqmod
   version   : 1.0
   vqmver    : Latest
   author    : Flo - shopencart.com

File Name    : catalog/view/theme/*/template/common/header.tpl(0)
VQModObject::applyMod - SEARCH NOT FOUND (ABORTING MOD): <?php if ($categories) { ?>

----------------------------------------------------------------------


---------- Date: 2015-06-07 23:04:43 ~ IP : 127.0.0.1 ----------
REQUEST URI : /
MOD DETAILS:
   modFile   : H:\open2\OpenServer\domains\elstore\vqmod/xml/supermenu.xml
   id        : Supermenu Integration Vqmod
   version   : 1.0
   vqmver    : Latest
   author    : Flo - shopencart.com

File Name    : catalog/view/theme/*/template/common/header.tpl(0)
VQModObject::applyMod - SEARCH NOT FOUND (ABORTING MOD): <?php if ($categories) { ?>

----------------------------------------------------------------------


---------- Date: 2015-06-07 23:06:25 ~ IP : 127.0.0.1 ----------
REQUEST URI : /
MOD DETAILS:
   modFile   : H:\open2\OpenServer\domains\elstore\vqmod/xml/supermenu.xml
   id        : Supermenu Integration Vqmod
   version   : 1.0
   vqmver    : Latest
   author    : Flo - shopencart.com

File Name    : catalog/view/theme/*/template/common/header.tpl(0)
VQModObject::applyMod - SEARCH NOT FOUND (ABORTING MOD): <?php if ($categories) { ?>

----------------------------------------------------------------------


---------- Date: 2015-06-07 23:07:28 ~ IP : 127.0.0.1 ----------
REQUEST URI : /
MOD DETAILS:
   modFile   : H:\open2\OpenServer\domains\elstore\vqmod/xml/supermenu.xml
   id        : Supermenu Integration Vqmod
   version   : 1.0
   vqmver    : Latest
   author    : Flo - shopencart.com

File Name    : catalog/view/theme/*/template/common/header.tpl(0)
VQModObject::applyMod - SEARCH NOT FOUND (ABORTING MOD): <?php if ($categories) { ?>

----------------------------------------------------------------------


---------- Date: 2015-06-07 23:09:13 ~ IP : 127.0.0.1 ----------
REQUEST URI : /
MOD DETAILS:
   modFile   : H:\open2\OpenServer\domains\elstore\vqmod/xml/supermenu.xml
   id        : Supermenu Integration Vqmod
   version   : 1.0
   vqmver    : Latest
   author    : Flo - shopencart.com

File Name    : catalog/view/theme/*/template/common/header.tpl(0)
VQModObject::applyMod - SEARCH NOT FOUND (ABORTING MOD): <?php if ($categories) { ?>

----------------------------------------------------------------------


---------- Date: 2015-06-07 23:09:31 ~ IP : 127.0.0.1 ----------
REQUEST URI : /
MOD DETAILS:
   modFile   : H:\open2\OpenServer\domains\elstore\vqmod/xml/supermenu.xml
   id        : Supermenu Integration Vqmod
   version   : 1.0
   vqmver    : Latest
   author    : Flo - shopencart.com

File Name    : catalog/view/theme/*/template/common/header.tpl(0)
VQModObject::applyMod - SEARCH NOT FOUND (ABORTING MOD): <?php if ($categories) { ?>

----------------------------------------------------------------------


---------- Date: 2015-06-07 23:09:52 ~ IP : 127.0.0.1 ----------
REQUEST URI : /
MOD DETAILS:
   modFile   : H:\open2\OpenServer\domains\elstore\vqmod/xml/supermenu.xml
   id        : Supermenu Integration Vqmod
   version   : 1.0
   vqmver    : Latest
   author    : Flo - shopencart.com

File Name    : catalog/view/theme/*/template/common/header.tpl(0)
VQModObject::applyMod - SEARCH NOT FOUND (ABORTING MOD): <?php if ($categories) { ?>

----------------------------------------------------------------------


---------- Date: 2015-06-07 23:12:43 ~ IP : 127.0.0.1 ----------
REQUEST URI : /
MOD DETAILS:
   modFile   : H:\open2\OpenServer\domains\elstore\vqmod/xml/supermenu.xml
   id        : Supermenu Integration Vqmod
   version   : 1.0
   vqmver    : Latest
   author    : Flo - shopencart.com

File Name    : catalog/view/theme/*/template/common/header.tpl(0)
VQModObject::applyMod - SEARCH NOT FOUND (ABORTING MOD): <?php if ($categories) { ?>

----------------------------------------------------------------------


---------- Date: 2015-06-07 23:16:53 ~ IP : 127.0.0.1 ----------
REQUEST URI : /
MOD DETAILS:
   modFile   : H:\open2\OpenServer\domains\elstore\vqmod/xml/supermenu.xml
   id        : Supermenu Integration Vqmod
   version   : 1.0
   vqmver    : Latest
   author    : Flo - shopencart.com

File Name    : catalog/view/theme/*/template/common/header.tpl(0)
VQModObject::applyMod - SEARCH NOT FOUND (ABORTING MOD): <?php if ($categories) { ?>

----------------------------------------------------------------------


---------- Date: 2015-06-07 23:17:37 ~ IP : 127.0.0.1 ----------
REQUEST URI : /
MOD DETAILS:
   modFile   : H:\open2\OpenServer\domains\elstore\vqmod/xml/supermenu.xml
   id        : Supermenu Integration Vqmod
   version   : 1.0
   vqmver    : Latest
   author    : Flo - shopencart.com

File Name    : catalog/view/theme/*/template/common/header.tpl(0)
VQModObject::applyMod - SEARCH NOT FOUND (ABORTING MOD): <?php if ($categories) { ?>

----------------------------------------------------------------------


---------- Date: 2015-06-07 23:18:04 ~ IP : 127.0.0.1 ----------
REQUEST URI : /index.php?route=product/category&amp;path=63_72
MOD DETAILS:
   modFile   : H:\open2\OpenServer\domains\elstore\vqmod/xml/supermenu.xml
   id        : Supermenu Integration Vqmod
   version   : 1.0
   vqmver    : Latest
   author    : Flo - shopencart.com

File Name    : catalog/view/theme/*/template/common/header.tpl(0)
VQModObject::applyMod - SEARCH NOT FOUND (ABORTING MOD): <?php if ($categories) { ?>

MOD DETAILS:
   modFile   : H:\open2\OpenServer\domains\elstore\vqmod/xml/vqmod.xml
   id        : OpenCart Product filter v3.0
   version   : 1.1
   vqmver    : 
   author    : Product filter - SOOR, vQmod - DieZ

File Name    : catalog/view/theme/*/template/product/category.tpl(0)
VQModObject::applyMod - SEARCH NOT FOUND (SKIPPED): <div class="description"><?php echo $product['description']; ?></div>
----------------------------------------------------------------------


---------- Date: 2015-06-07 23:18:28 ~ IP : 127.0.0.1 ----------
REQUEST URI : /index.php?route=product/category&amp;path=63_401
MOD DETAILS:
   modFile   : H:\open2\OpenServer\domains\elstore\vqmod/xml/supermenu.xml
   id        : Supermenu Integration Vqmod
   version   : 1.0
   vqmver    : Latest
   author    : Flo - shopencart.com

File Name    : catalog/view/theme/*/template/common/header.tpl(0)
VQModObject::applyMod - SEARCH NOT FOUND (ABORTING MOD): <?php if ($categories) { ?>

MOD DETAILS:
   modFile   : H:\open2\OpenServer\domains\elstore\vqmod/xml/vqmod.xml
   id        : OpenCart Product filter v3.0
   version   : 1.1
   vqmver    : 
   author    : Product filter - SOOR, vQmod - DieZ

File Name    : catalog/view/theme/*/template/product/category.tpl(0)
VQModObject::applyMod - SEARCH NOT FOUND (SKIPPED): <div class="description"><?php echo $product['description']; ?></div>
----------------------------------------------------------------------


---------- Date: 2015-06-07 23:19:18 ~ IP : 127.0.0.1 ----------
REQUEST URI : /index.php?route=product/category&amp;path=63_401
MOD DETAILS:
   modFile   : H:\open2\OpenServer\domains\elstore\vqmod/xml/supermenu.xml
   id        : Supermenu Integration Vqmod
   version   : 1.0
   vqmver    : Latest
   author    : Flo - shopencart.com

File Name    : catalog/view/theme/*/template/common/header.tpl(0)
VQModObject::applyMod - SEARCH NOT FOUND (ABORTING MOD): <?php if ($categories) { ?>

MOD DETAILS:
   modFile   : H:\open2\OpenServer\domains\elstore\vqmod/xml/vqmod.xml
   id        : OpenCart Product filter v3.0
   version   : 1.1
   vqmver    : 
   author    : Product filter - SOOR, vQmod - DieZ

File Name    : catalog/view/theme/*/template/product/category.tpl(0)
VQModObject::applyMod - SEARCH NOT FOUND (SKIPPED): <div class="description"><?php echo $product['description']; ?></div>
----------------------------------------------------------------------


